TN:
SF:src/index.ts
FN:13,init
FN:24,(anonymous_10)
FNF:2
FNH:0
FNDA:0,init
FNDA:0,(anonymous_10)
DA:1,0
DA:2,0
DA:4,0
DA:5,0
DA:7,0
DA:9,0
DA:10,0
DA:11,0
DA:15,0
DA:16,0
DA:18,0
DA:23,0
DA:24,0
DA:26,0
LF:14
LH:0
BRDA:15,0,0,0
BRDA:15,0,1,0
BRF:2
BRH:0
end_of_record
TN:
SF:src/bootstrap/initTypeOrm.ts
FN:4,initTypeOrm
FNF:1
FNH:1
FNDA:3,initTypeOrm
DA:1,1
DA:2,1
DA:4,1
DA:5,3
DA:6,3
DA:14,3
DA:16,2
DA:18,1
DA:19,1
LF:9
LH:9
BRF:0
BRH:0
end_of_record
TN:
SF:src/controllers/EventController.ts
FN:9,(anonymous_11)
FN:11,(anonymous_12)
FN:17,(anonymous_13)
FN:23,(anonymous_15)
FN:29,(anonymous_16)
FNF:5
FNH:5
FNDA:4,(anonymous_11)
FNDA:1,(anonymous_12)
FNDA:1,(anonymous_13)
FNDA:1,(anonymous_15)
FNDA:1,(anonymous_16)
DA:1,1
DA:2,1
DA:3,1
DA:4,1
DA:8,1
DA:9,4
DA:11,1
DA:12,1
DA:17,1
DA:18,1
DA:23,1
DA:24,1
DA:29,1
DA:30,1
LF:14
LH:14
BRF:0
BRH:0
end_of_record
TN:
SF:src/controllers/dtos/CreateEventDto.ts
FN:4,(anonymous_2)
FN:35,(anonymous_3)
FNF:2
FNH:1
FNDA:1,(anonymous_2)
FNDA:0,(anonymous_3)
DA:1,1
DA:2,1
DA:4,1
DA:5,1
DA:6,1
DA:7,1
DA:8,1
DA:9,1
DA:14,1
DA:18,1
DA:21,1
DA:26,1
DA:29,1
DA:33,1
DA:35,0
DA:38,1
LF:16
LH:15
BRDA:4,0,0,1
BRDA:4,0,1,1
BRF:2
BRH:2
end_of_record
TN:
SF:src/entities/EventEntity.ts
FN:17,(anonymous_9)
FN:24,(anonymous_11)
FNF:2
FNH:0
FNDA:0,(anonymous_9)
FNDA:0,(anonymous_11)
DA:1,3
DA:4,3
DA:6,3
DA:9,3
DA:12,3
DA:15,3
DA:18,0
DA:25,0
LF:8
LH:6
BRF:0
BRH:0
end_of_record
TN:
SF:src/services/EventService.ts
FN:9,(anonymous_9)
FN:13,(anonymous_10)
FN:17,(anonymous_12)
FN:29,(anonymous_14)
FN:29,(anonymous_15)
FN:41,(anonymous_16)
FN:51,(anonymous_18)
FN:67,(anonymous_20)
FN:67,(anonymous_21)
FN:78,(anonymous_22)
FNF:10
FNH:1
FNDA:4,(anonymous_9)
FNDA:0,(anonymous_10)
FNDA:0,(anonymous_12)
FNDA:0,(anonymous_14)
FNDA:0,(anonymous_15)
FNDA:0,(anonymous_16)
FNDA:0,(anonymous_18)
FNDA:0,(anonymous_20)
FNDA:0,(anonymous_21)
FNDA:0,(anonymous_22)
DA:1,2
DA:3,2
DA:4,2
DA:5,2
DA:8,2
DA:14,0
DA:18,0
DA:19,0
DA:21,0
DA:23,0
DA:24,0
DA:27,0
DA:29,0
DA:30,0
DA:32,0
DA:33,0
DA:35,0
DA:37,0
DA:42,0
DA:44,0
DA:45,0
DA:48,0
DA:52,0
DA:54,0
DA:55,0
DA:57,0
DA:59,0
DA:61,0
DA:62,0
DA:65,0
DA:67,0
DA:68,0
DA:70,0
DA:71,0
DA:75,0
DA:79,0
LF:36
LH:5
BRDA:23,0,0,0
BRDA:23,1,0,0
BRDA:23,1,1,0
BRDA:27,2,0,0
BRDA:27,3,0,0
BRDA:27,3,1,0
BRDA:44,4,0,0
BRDA:54,5,0,0
BRDA:57,6,0,0
BRDA:61,7,0,0
BRDA:61,8,0,0
BRDA:61,8,1,0
BRDA:65,9,0,0
BRDA:65,10,0,0
BRDA:65,10,1,0
BRF:15
BRH:0
end_of_record
